2025-07-01 10:30:24.1616 INFO Приложение запущено
2025-07-01 10:30:24.2287 INFO Процесс получения курса валют запущен...
2025-07-01 10:30:24.2287 INFO Подключение к данным по адресу: https://www.cbr.ru/currency_base/daily/?UniDbQuery.Posted=True&UniDbQuery.To=01.07.2025
2025-07-01 10:30:25.6148 INFO Подключение прошло успешно. OK
2025-07-01 10:30:25.6508 INFO Запись в файл по пути: D:\Алексей\github\ExchangeParsing_DB\ExchangeParsing\ExchangeParsing\bin\Debug\Well_01.07.2025.csv
2025-07-01 10:30:25.6508 INFO Данные записаны в файл. Количество 0 из 0
2025-07-01 10:31:35.6956 INFO Приложение запущено
2025-07-01 10:31:35.7987 INFO Процесс получения курса валют запущен...
2025-07-01 10:31:35.7987 INFO Подключение к данным по адресу: https://www.cbr.ru/currency_base/daily/?UniDbQuery.Posted=True&UniDbQuery.To=01.07.2025
2025-07-01 10:31:36.0324 INFO Подключение прошло успешно. OK
2025-07-01 10:34:24.1120 INFO Приложение запущено
2025-07-01 10:34:24.1760 INFO Процесс получения курса валют запущен...
2025-07-01 10:34:24.1770 INFO Подключение к данным по адресу: https://www.cbr.ru/currency_base/daily/?UniDbQuery.Posted=True&UniDbQuery.To=01.07.2025
2025-07-01 10:34:24.5493 INFO Подключение прошло успешно. OK
2025-07-01 10:37:37.0555 INFO Приложение запущено
2025-07-01 10:37:37.2136 INFO Процесс получения курса валют запущен...
2025-07-01 10:37:37.2136 INFO Подключение к данным по адресу: https://www.cbr.ru/currency_base/daily/?UniDbQuery.Posted=True&UniDbQuery.To=01.07.2025
2025-07-01 10:37:37.4898 INFO Подключение прошло успешно. OK
2025-07-01 10:38:29.9794 INFO Приложение запущено
2025-07-01 10:38:30.0439 INFO Процесс получения курса валют запущен...
2025-07-01 10:38:30.0439 INFO Подключение к данным по адресу: https://www.cbr.ru/currency_base/daily/?UniDbQuery.Posted=True&UniDbQuery.To=01.07.2025
2025-07-01 10:38:30.3621 INFO Подключение прошло успешно. OK
2025-07-01 10:39:07.8774 INFO Приложение запущено
2025-07-01 10:39:07.9445 INFO Процесс получения курса валют запущен...
2025-07-01 10:39:07.9445 INFO Подключение к данным по адресу: https://www.cbr.ru/currency_base/daily/?UniDbQuery.Posted=True&UniDbQuery.To=01.07.2025
2025-07-01 10:39:08.3398 INFO Подключение прошло успешно. OK
2025-07-01 10:40:02.9076 INFO Приложение запущено
2025-07-01 10:40:03.0047 INFO Процесс получения курса валют запущен...
2025-07-01 10:40:03.0057 INFO Подключение к данным по адресу: https://www.cbr.ru/currency_base/daily/?UniDbQuery.Posted=True&UniDbQuery.To=01.07.2025
2025-07-01 10:40:03.2939 INFO Подключение прошло успешно. OK
2025-07-01 10:40:18.2105 INFO Извлечение данных
2025-07-01 10:40:18.2105 ERROR Количество столбцов из получаемой таблицы не соответствует действительности (5 из 11)
2025-07-01 10:40:18.2105 INFO Запись в файл по пути: D:\Алексей\github\ExchangeParsing_DB\ExchangeParsing\ExchangeParsing\bin\Debug\Well_01.07.2025.csv
2025-07-01 10:40:18.2105 INFO Данные записаны в файл. Количество 0 из 0
2025-07-01 10:41:25.4493 INFO Приложение запущено
2025-07-01 10:41:25.5159 INFO Процесс получения курса валют запущен...
2025-07-01 10:41:25.5159 INFO Подключение к данным по адресу: https://www.cbr.ru/currency_base/daily/?UniDbQuery.Posted=True&UniDbQuery.To=01.07.2025
2025-07-01 10:41:25.8646 INFO Подключение прошло успешно. OK
2025-07-01 10:41:54.0957 INFO Извлечение данных
2025-07-01 10:43:01.5187 ERROR Количество столбцов из получаемой таблицы не соответствует действительности (5 из 11)
2025-07-01 10:43:01.5187 INFO Запись в файл по пути: D:\Алексей\github\ExchangeParsing_DB\ExchangeParsing\ExchangeParsing\bin\Debug\Well_01.07.2025.csv
2025-07-01 10:43:01.5187 INFO Данные записаны в файл. Количество 0 из 0
2025-07-01 10:44:13.0231 INFO Приложение запущено
2025-07-01 10:44:13.1221 INFO Процесс получения курса валют запущен...
2025-07-01 10:44:13.1221 INFO Подключение к данным по адресу: https://www.cbr.ru/currency_base/daily/?UniDbQuery.Posted=True&UniDbQuery.To=01.07.2025
2025-07-01 10:44:13.5349 INFO Подключение прошло успешно. OK
2025-07-01 10:44:15.0735 INFO Извлечение данных
2025-07-01 10:45:32.3080 INFO Приложение запущено
2025-07-01 10:45:32.3961 INFO Процесс получения курса валют запущен...
2025-07-01 10:45:32.3961 INFO Подключение к данным по адресу: https://www.cbr.ru/currency_base/daily/?UniDbQuery.Posted=True&UniDbQuery.To=01.07.2025
2025-07-01 10:45:32.7038 INFO Подключение прошло успешно. OK
2025-07-01 10:45:37.0489 INFO Извлечение данных
2025-07-01 10:46:54.6778 INFO Приложение запущено
2025-07-01 10:46:54.8184 INFO Процесс получения курса валют запущен...
2025-07-01 10:46:54.8184 INFO Подключение к данным по адресу: https://www.cbr.ru/currency_base/daily/?UniDbQuery.Posted=True&UniDbQuery.To=01.07.2025
2025-07-01 10:47:01.5347 INFO Приложение запущено
2025-07-01 10:47:01.6268 INFO Процесс получения курса валют запущен...
2025-07-01 10:47:01.6268 INFO Подключение к данным по адресу: https://www.cbr.ru/currency_base/daily/?UniDbQuery.Posted=True&UniDbQuery.To=01.07.2025
2025-07-01 10:47:01.9795 INFO Подключение прошло успешно. OK
2025-07-01 10:47:04.1871 INFO Извлечение данных
2025-07-01 10:47:13.9720 ERROR Ссылка на объект не указывает на экземпляр объекта.
2025-07-01 10:47:13.9720 INFO Запись в файл по пути: D:\Алексей\github\ExchangeParsing_DB\ExchangeParsing\ExchangeParsing\bin\Debug\Well_01.07.2025.csv
2025-07-01 10:47:13.9720 INFO Данные записаны в файл. Количество 0 из 0
2025-07-01 10:51:12.4837 INFO Приложение запущено
2025-07-01 10:51:12.5473 INFO Процесс получения курса валют запущен...
2025-07-01 10:51:12.5473 INFO Подключение к данным по адресу: https://www.cbr.ru/currency_base/daily/?UniDbQuery.Posted=True&UniDbQuery.To=01.07.2025
2025-07-01 10:51:12.8840 INFO Подключение прошло успешно. OK
2025-07-01 10:51:12.9196 INFO Извлечение данных
2025-07-01 10:53:16.9358 INFO Приложение запущено
2025-07-01 10:53:17.0044 INFO Процесс получения курса валют запущен...
2025-07-01 10:53:17.0054 INFO Подключение к данным по адресу: https://www.cbr.ru/currency_base/daily/?UniDbQuery.Posted=True&UniDbQuery.To=01.07.2025
2025-07-01 10:53:17.2696 INFO Подключение прошло успешно. OK
2025-07-01 10:53:17.3051 INFO Извлечение данных
2025-07-01 10:54:28.9761 INFO Приложение запущено
2025-07-01 10:54:29.0646 INFO Процесс получения курса валют запущен...
2025-07-01 10:54:29.0646 INFO Подключение к данным по адресу: https://www.cbr.ru/currency_base/daily/?UniDbQuery.Posted=True&UniDbQuery.To=01.07.2025
2025-07-01 10:54:29.2968 INFO Подключение прошло успешно. OK
2025-07-01 10:54:29.3318 INFO Извлечение данных
2025-07-01 10:54:44.8629 INFO Приложение запущено
2025-07-01 10:54:44.9560 INFO Процесс получения курса валют запущен...
2025-07-01 10:54:44.9560 INFO Подключение к данным по адресу: https://www.cbr.ru/currency_base/daily/?UniDbQuery.Posted=True&UniDbQuery.To=01.07.2025
2025-07-01 10:54:45.8667 INFO Подключение прошло успешно. OK
2025-07-01 10:54:45.9027 INFO Извлечение данных
2025-07-01 10:55:18.2532 INFO Приложение запущено
2025-07-01 10:55:18.3283 INFO Процесс получения курса валют запущен...
2025-07-01 10:55:18.3283 INFO Подключение к данным по адресу: https://www.cbr.ru/currency_base/daily/?UniDbQuery.Posted=True&UniDbQuery.To=01.07.2025
2025-07-01 10:55:22.6368 INFO Подключение прошло успешно. OK
2025-07-01 10:55:22.6728 INFO Извлечение данных
2025-07-01 10:55:30.0121 ERROR Ссылка на объект не указывает на экземпляр объекта.
2025-07-01 10:55:30.0121 INFO Запись в файл по пути: D:\Алексей\github\ExchangeParsing_DB\ExchangeParsing\ExchangeParsing\bin\Debug\Well_01.07.2025.csv
2025-07-01 10:55:30.0121 INFO Данные записаны в файл. Количество 1 из 1
2025-07-01 10:59:07.9247 INFO Приложение запущено
2025-07-01 10:59:08.0338 INFO Процесс получения курса валют запущен...
2025-07-01 10:59:08.0338 INFO Подключение к данным по адресу: https://www.cbr.ru/currency_base/daily/?UniDbQuery.Posted=True&UniDbQuery.To=01.07.2025
2025-07-01 10:59:08.3830 INFO Подключение прошло успешно. OK
2025-07-01 10:59:08.4196 INFO Извлечение данных
2025-07-01 10:59:08.4326 INFO Данные успешно получены. Количество: 43
2025-07-01 10:59:08.4326 INFO Запись в файл по пути: D:\Алексей\github\ExchangeParsing_DB\ExchangeParsing\ExchangeParsing\bin\Debug\Well_01.07.2025.csv
2025-07-01 10:59:08.4326 INFO Данные записаны в файл. Количество 43 из 43
2025-07-01 11:01:47.6118 INFO Приложение запущено
2025-07-01 11:01:47.6779 INFO Процесс получения курса валют запущен...
2025-07-01 11:01:47.6779 INFO Подключение к данным по адресу: https://www.cbr.ru/currency_base/daily/?UniDbQuery.Posted=True&UniDbQuery.To=01.07.2025
2025-07-01 11:01:47.8920 INFO Подключение прошло успешно. OK
2025-07-01 11:01:47.9275 INFO Извлечение данных
2025-07-01 11:01:47.9275 INFO Данные успешно получены. Количество: 43
2025-07-01 11:01:47.9275 INFO Запись в файл по пути: D:\Алексей\github\ExchangeParsing_DB\ExchangeParsing\ExchangeParsing\bin\Debug\Well_01.07.2025.csv
2025-07-01 11:01:47.9426 INFO Данные записаны в файл. Количество 43 из 43
2025-07-01 11:04:30.3522 INFO Приложение запущено
2025-07-01 11:04:30.4333 INFO Процесс получения курса валют запущен...
2025-07-01 11:04:30.4333 INFO Подключение к данным по адресу: https://www.cbr.ru/currency_base/daily/?UniDbQuery.Posted=True&UniDbQuery.To=01.07.2025
2025-07-01 11:04:30.8090 INFO Подключение прошло успешно. OK
2025-07-01 11:04:30.8441 INFO Извлечение данных
2025-07-01 11:04:30.8556 INFO Данные успешно получены. Количество: 43
2025-07-01 11:04:30.8556 INFO Запись в файл по пути: D:\Алексей\github\ExchangeParsing_DB\ExchangeParsing\ExchangeParsing\bin\Debug\CentralBank\Well_01.07.2025.csv
2025-07-01 11:04:30.8811 ERROR Не удалось найти часть пути "D:\Алексей\github\ExchangeParsing_DB\ExchangeParsing\ExchangeParsing\bin\Debug\CentralBank\Well_01.07.2025.csv".
2025-07-01 11:05:19.7974 INFO Приложение запущено
2025-07-01 11:05:19.8674 INFO Процесс получения курса валют запущен...
2025-07-01 11:05:19.8674 INFO Подключение к данным по адресу: https://www.cbr.ru/currency_base/daily/?UniDbQuery.Posted=True&UniDbQuery.To=01.07.2025
2025-07-01 11:05:20.3418 INFO Подключение прошло успешно. OK
2025-07-01 11:05:20.3763 INFO Извлечение данных
2025-07-01 11:05:20.3873 INFO Данные успешно получены. Количество: 43
2025-07-01 11:05:20.3873 INFO Запись в файл по пути: D:\Алексей\github\ExchangeParsing_DB\ExchangeParsing\ExchangeParsing\bin\Debug\Centralbank\Well.csv
2025-07-01 11:05:20.3873 INFO Данные записаны в файл. Количество 43 из 43
2025-07-01 11:11:20.9684 INFO Приложение запущено
2025-07-01 11:11:21.0464 INFO Процесс получения курса валют запущен...
2025-07-01 11:11:21.0464 INFO Подключение к данным по адресу: https://www.cbr.ru/currency_base/daily/?UniDbQuery.Posted=True&UniDbQuery.To=01.07.2025
2025-07-01 11:11:21.3992 INFO Подключение прошло успешно. OK
2025-07-01 11:11:21.4342 INFO Извлечение данных
2025-07-01 11:11:21.4452 INFO Данные успешно получены. Количество: 43
2025-07-01 11:11:21.4832 INFO Запись в файл по пути: D:\Алексей\github\ExchangeParsing_DB\ExchangeParsing\ExchangeParsing\bin\Debug\CentralBank\Well_01.07.2025.csv
2025-07-01 11:11:21.4832 INFO Данные записаны в файл. Количество 43 из 43
2025-07-01 11:11:50.8616 INFO Приложение запущено
2025-07-01 11:11:50.9707 INFO Процесс получения курса валют запущен...
2025-07-01 11:11:50.9707 INFO Подключение к данным по адресу: https://www.cbr.ru/currency_base/daily/?UniDbQuery.Posted=True&UniDbQuery.To=01.07.2025
2025-07-01 11:11:51.2354 INFO Подключение прошло успешно. OK
2025-07-01 11:11:51.2704 INFO Извлечение данных
2025-07-01 11:11:51.2839 INFO Данные успешно получены. Количество: 43
2025-07-01 11:11:51.2839 INFO Запись в файл по пути: D:\Алексей\github\ExchangeParsing_DB\ExchangeParsing\ExchangeParsing\bin\Debug\CentralBank\Well_01.07.2025.csv
2025-07-01 11:11:51.2959 INFO Данные записаны в файл. Количество 43 из 43
2025-07-01 11:11:53.0392 INFO Приложение завершило работу
